<?xml version="1.0" encoding="UTF-8"?>
<!-- Generated by org.testng.reporters.JUnitReportReporter -->
<testsuite hostname="pc" failures="0" tests="2" name="testCases.Day1" time="9.991" errors="0" timestamp="11 Feb 2018 14:10:53 GMT" skipped="0">
  <testcase classname="testCases.Day1" name="verifyTitle" time="0.210"/>
  <testcase classname="testCases.Day1" name="login" time="9.781"/>
</testsuite> <!-- testCases.Day1 -->
